<?xml version="1.0" encoding="UTF-8"?>
<testng-results ignored="0" total="0" passed="0" failed="0" skipped="0">
  <reporter-output>
  </reporter-output>
  <suite started-at="2024-04-14T17:19:30 EDT" name="Surefire suite" finished-at="2024-04-14T17:19:36 EDT" duration-ms="5581">
    <groups>
    </groups>
    <test started-at="2024-04-14T17:19:30 EDT" name="Surefire test" finished-at="2024-04-14T17:19:36 EDT" duration-ms="5581">
    </test> <!-- Surefire test -->
  </suite> <!-- Surefire suite -->
</testng-results>
